<?xml version="1.0" encoding="UTF-8"?>
<testng-results ignored="0" total="1" passed="1" failed="0" skipped="0">
  <reporter-output>
  </reporter-output>
  <suite started-at="2022-04-07T22:34:40Z" name="Create Order On Store Front" finished-at="2022-04-07T22:35:51Z" duration-ms="70465">
    <groups>
    </groups>
    <test started-at="2022-04-07T22:34:40Z" name="Test" finished-at="2022-04-07T22:35:51Z" duration-ms="70465">
      <class name="tests.CheckOutPageTest">
        <test-method is-config="true" signature="StartDriver()[pri:0, instance:tests.CheckOutPageTest@9573584]" started-at="2022-04-07T22:34:04Z" name="StartDriver" finished-at="2022-04-07T22:34:40Z" duration-ms="36205" status="PASS">
          <reporter-output>
          </reporter-output>
        </test-method> <!-- StartDriver -->
        <test-method signature="shippinPage(java.lang.String, java.lang.String, java.lang.String, java.lang.String, java.lang.String, java.lang.String, java.lang.String)[pri:0, instance:tests.CheckOutPageTest@9573584]" started-at="2022-04-07T22:34:40Z" name="shippinPage" data-provider="testData" finished-at="2022-04-07T22:35:51Z" duration-ms="70404" status="PASS">
          <params>
            <param index="0">
              <value>
                <![CDATA[01005582222]]>
              </value>
            </param>
            <param index="1">
              <value>
                <![CDATA[sahar]]>
              </value>
            </param>
            <param index="2">
              <value>
                <![CDATA[sahar.hassan@expandcart.com]]>
              </value>
            </param>
            <param index="3">
              <value>
                <![CDATA[63]]>
              </value>
            </param>
            <param index="4">
              <value>
                <![CDATA[1008]]>
              </value>
            </param>
            <param index="5">
              <value>
                <![CDATA[st test]]>
              </value>
            </param>
            <param index="6">
              <value>
                <![CDATA[1234]]>
              </value>
            </param>
          </params>
          <reporter-output>
          </reporter-output>
        </test-method> <!-- shippinPage -->
        <test-method is-config="true" signature="teardown()[pri:0, instance:tests.CheckOutPageTest@9573584]" started-at="2022-04-07T22:35:51Z" name="teardown" finished-at="2022-04-07T22:35:51Z" duration-ms="1" status="PASS">
          <reporter-output>
          </reporter-output>
        </test-method> <!-- teardown -->
      </class> <!-- tests.CheckOutPageTest -->
    </test> <!-- Test -->
  </suite> <!-- Create Order On Store Front -->
</testng-results>
